<?xml version="1.0" encoding="UTF-8"?>
<!-- Generated by org.testng.reporters.JUnitXMLReporter -->
<testsuite hostname="MPB-harsh.local" ignored="0" name="Test1" tests="9" failures="0" timestamp="25 Sep 2018 05:09:47 GMT" time="166.655" errors="0">
  <testcase name="loginPageTitleTest" time="0.04" classname="com.crm.qa.testcases.LoginPageTest"/>
  <testcase name="verifyHomePageTitleTest" time="0.01" classname="com.crm.qa.testcases.HomePageTest"/>
  <testcase name="validateCreateNewContact" time="9.406" classname="com.crm.qa.testcases.ContactsPageTest"/>
  <testcase name="validateCreateNewContact" time="8.459" classname="com.crm.qa.testcases.ContactsPageTest"/>
  <testcase name="validateCreateNewContact" time="8.707" classname="com.crm.qa.testcases.ContactsPageTest"/>
  <testcase name="crmLogoImageTest" time="0.067" classname="com.crm.qa.testcases.LoginPageTest"/>
  <testcase name="verifyUserNameTest" time="0.085" classname="com.crm.qa.testcases.HomePageTest"/>
  <testcase name="loginTest" time="8.378" classname="com.crm.qa.testcases.LoginPageTest"/>
  <testcase name="verifyContactsLinkTest" time="3.201" classname="com.crm.qa.testcases.HomePageTest"/>
</testsuite> <!-- Test1 -->
