<?xml version="1.0" encoding="UTF-8"?>
<testng-results skipped="0" failed="0" ignored="0" total="9" passed="9">
  <reporter-output>
  </reporter-output>
  <suite name="CRMTest" duration-ms="166655" started-at="2018-09-25T05:07:01Z" finished-at="2018-09-25T05:09:47Z">
    <groups>
    </groups>
    <test name="Test1" duration-ms="166655" started-at="2018-09-25T05:07:01Z" finished-at="2018-09-25T05:09:47Z">
      <class name="com.crm.qa.testcases.HomePageTest">
        <test-method status="PASS" signature="setup()[pri:0, instance:com.crm.qa.testcases.HomePageTest@365185bd]" name="setup" is-config="true" duration-ms="18318" started-at="2018-09-25T10:37:17Z" finished-at="2018-09-25T10:37:35Z">
          <reporter-output>
          </reporter-output>
        </test-method> <!-- setup -->
        <test-method status="PASS" signature="verifyHomePageTitleTest()[pri:1, instance:com.crm.qa.testcases.HomePageTest@365185bd]" name="verifyHomePageTitleTest" duration-ms="10" started-at="2018-09-25T10:37:35Z" finished-at="2018-09-25T10:37:35Z">
          <reporter-output>
          </reporter-output>
        </test-method> <!-- verifyHomePageTitleTest -->
        <test-method status="PASS" signature="tearDown()[pri:0, instance:com.crm.qa.testcases.HomePageTest@365185bd]" name="tearDown" is-config="true" duration-ms="299" started-at="2018-09-25T10:37:35Z" finished-at="2018-09-25T10:37:35Z">
          <reporter-output>
          </reporter-output>
        </test-method> <!-- tearDown -->
        <test-method status="PASS" signature="setup()[pri:0, instance:com.crm.qa.testcases.HomePageTest@365185bd]" name="setup" is-config="true" duration-ms="14087" started-at="2018-09-25T10:39:00Z" finished-at="2018-09-25T10:39:14Z">
          <reporter-output>
          </reporter-output>
        </test-method> <!-- setup -->
        <test-method status="PASS" signature="verifyUserNameTest()[pri:2, instance:com.crm.qa.testcases.HomePageTest@365185bd]" name="verifyUserNameTest" duration-ms="85" started-at="2018-09-25T10:39:14Z" finished-at="2018-09-25T10:39:14Z">
          <reporter-output>
          </reporter-output>
        </test-method> <!-- verifyUserNameTest -->
        <test-method status="PASS" signature="tearDown()[pri:0, instance:com.crm.qa.testcases.HomePageTest@365185bd]" name="tearDown" is-config="true" duration-ms="178" started-at="2018-09-25T10:39:14Z" finished-at="2018-09-25T10:39:14Z">
          <reporter-output>
          </reporter-output>
        </test-method> <!-- tearDown -->
        <test-method status="PASS" signature="setup()[pri:0, instance:com.crm.qa.testcases.HomePageTest@365185bd]" name="setup" is-config="true" duration-ms="15837" started-at="2018-09-25T10:39:28Z" finished-at="2018-09-25T10:39:44Z">
          <reporter-output>
          </reporter-output>
        </test-method> <!-- setup -->
        <test-method status="PASS" signature="verifyContactsLinkTest()[pri:3, instance:com.crm.qa.testcases.HomePageTest@365185bd]" name="verifyContactsLinkTest" duration-ms="3201" started-at="2018-09-25T10:39:44Z" finished-at="2018-09-25T10:39:47Z">
          <reporter-output>
          </reporter-output>
        </test-method> <!-- verifyContactsLinkTest -->
        <test-method status="PASS" signature="tearDown()[pri:0, instance:com.crm.qa.testcases.HomePageTest@365185bd]" name="tearDown" is-config="true" duration-ms="327" started-at="2018-09-25T10:39:47Z" finished-at="2018-09-25T10:39:47Z">
          <reporter-output>
          </reporter-output>
        </test-method> <!-- tearDown -->
      </class> <!-- com.crm.qa.testcases.HomePageTest -->
      <class name="com.crm.qa.testcases.ContactsPageTest">
        <test-method status="PASS" signature="setup()[pri:0, instance:com.crm.qa.testcases.ContactsPageTest@18bf3d14]" name="setup" is-config="true" duration-ms="15934" started-at="2018-09-25T10:37:37Z" finished-at="2018-09-25T10:37:53Z">
          <reporter-output>
          </reporter-output>
        </test-method> <!-- setup -->
        <test-method status="PASS" signature="validateCreateNewContact(java.lang.String, java.lang.String, java.lang.String, java.lang.String, java.lang.String)[pri:1, instance:com.crm.qa.testcases.ContactsPageTest@18bf3d14]" name="validateCreateNewContact" duration-ms="9406" started-at="2018-09-25T10:37:53Z" data-provider="getCrmTestData" finished-at="2018-09-25T10:38:02Z">
          <params>
            <param index="0">
              <value>
                <![CDATA[Mr.]]>
              </value>
            </param>
            <param index="1">
              <value>
                <![CDATA[Tom]]>
              </value>
            </param>
            <param index="2">
              <value>
                <![CDATA[dick]]>
              </value>
            </param>
            <param index="3">
              <value>
                <![CDATA[Harry]]>
              </value>
            </param>
            <param index="4">
              <value>
                <![CDATA[google]]>
              </value>
            </param>
          </params>
          <reporter-output>
          </reporter-output>
        </test-method> <!-- validateCreateNewContact -->
        <test-method status="PASS" signature="tearDown()[pri:0, instance:com.crm.qa.testcases.ContactsPageTest@18bf3d14]" name="tearDown" is-config="true" duration-ms="719" started-at="2018-09-25T10:38:02Z" finished-at="2018-09-25T10:38:03Z">
          <reporter-output>
          </reporter-output>
        </test-method> <!-- tearDown -->
        <test-method status="PASS" signature="setup()[pri:0, instance:com.crm.qa.testcases.ContactsPageTest@18bf3d14]" name="setup" is-config="true" duration-ms="15899" started-at="2018-09-25T10:38:03Z" finished-at="2018-09-25T10:38:19Z">
          <reporter-output>
          </reporter-output>
        </test-method> <!-- setup -->
        <test-method status="PASS" signature="validateCreateNewContact(java.lang.String, java.lang.String, java.lang.String, java.lang.String, java.lang.String)[pri:1, instance:com.crm.qa.testcases.ContactsPageTest@18bf3d14]" name="validateCreateNewContact" duration-ms="8459" started-at="2018-09-25T10:38:19Z" data-provider="getCrmTestData" finished-at="2018-09-25T10:38:27Z">
          <params>
            <param index="0">
              <value>
                <![CDATA[Dr.]]>
              </value>
            </param>
            <param index="1">
              <value>
                <![CDATA[Ab]]>
              </value>
            </param>
            <param index="2">
              <value>
                <![CDATA[cd ]]>
              </value>
            </param>
            <param index="3">
              <value>
                <![CDATA[ed]]>
              </value>
            </param>
            <param index="4">
              <value>
                <![CDATA[Fortis]]>
              </value>
            </param>
          </params>
          <reporter-output>
          </reporter-output>
        </test-method> <!-- validateCreateNewContact -->
        <test-method status="PASS" signature="tearDown()[pri:0, instance:com.crm.qa.testcases.ContactsPageTest@18bf3d14]" name="tearDown" is-config="true" duration-ms="306" started-at="2018-09-25T10:38:27Z" finished-at="2018-09-25T10:38:28Z">
          <reporter-output>
          </reporter-output>
        </test-method> <!-- tearDown -->
        <test-method status="PASS" signature="setup()[pri:0, instance:com.crm.qa.testcases.ContactsPageTest@18bf3d14]" name="setup" is-config="true" duration-ms="17235" started-at="2018-09-25T10:38:28Z" finished-at="2018-09-25T10:38:45Z">
          <reporter-output>
          </reporter-output>
        </test-method> <!-- setup -->
        <test-method status="PASS" signature="validateCreateNewContact(java.lang.String, java.lang.String, java.lang.String, java.lang.String, java.lang.String)[pri:1, instance:com.crm.qa.testcases.ContactsPageTest@18bf3d14]" name="validateCreateNewContact" duration-ms="8707" started-at="2018-09-25T10:38:45Z" data-provider="getCrmTestData" finished-at="2018-09-25T10:38:54Z">
          <params>
            <param index="0">
              <value>
                <![CDATA[Mrs.]]>
              </value>
            </param>
            <param index="1">
              <value>
                <![CDATA[muk]]>
              </value>
            </param>
            <param index="2">
              <value>
                <![CDATA[de]]>
              </value>
            </param>
            <param index="3">
              <value>
                <![CDATA[ssa]]>
              </value>
            </param>
            <param index="4">
              <value>
                <![CDATA[ebay]]>
              </value>
            </param>
          </params>
          <reporter-output>
          </reporter-output>
        </test-method> <!-- validateCreateNewContact -->
        <test-method status="PASS" signature="tearDown()[pri:0, instance:com.crm.qa.testcases.ContactsPageTest@18bf3d14]" name="tearDown" is-config="true" duration-ms="246" started-at="2018-09-25T10:38:54Z" finished-at="2018-09-25T10:38:54Z">
          <reporter-output>
          </reporter-output>
        </test-method> <!-- tearDown -->
      </class> <!-- com.crm.qa.testcases.ContactsPageTest -->
      <class name="com.crm.qa.testcases.LoginPageTest">
        <test-method status="PASS" signature="setup()[pri:0, instance:com.crm.qa.testcases.LoginPageTest@7e0e6aa2]" name="setup" is-config="true" duration-ms="15787" started-at="2018-09-25T10:37:01Z" finished-at="2018-09-25T10:37:16Z">
          <reporter-output>
          </reporter-output>
        </test-method> <!-- setup -->
        <test-method status="PASS" signature="loginPageTitleTest()[pri:1, instance:com.crm.qa.testcases.LoginPageTest@7e0e6aa2]" name="loginPageTitleTest" duration-ms="40" started-at="2018-09-25T10:37:16Z" finished-at="2018-09-25T10:37:17Z">
          <reporter-output>
          </reporter-output>
        </test-method> <!-- loginPageTitleTest -->
        <test-method status="PASS" signature="tearDown()[pri:0, instance:com.crm.qa.testcases.LoginPageTest@7e0e6aa2]" name="tearDown" is-config="true" duration-ms="282" started-at="2018-09-25T10:37:17Z" finished-at="2018-09-25T10:37:17Z">
          <reporter-output>
          </reporter-output>
        </test-method> <!-- tearDown -->
        <test-method status="PASS" signature="setup()[pri:0, instance:com.crm.qa.testcases.LoginPageTest@7e0e6aa2]" name="setup" is-config="true" duration-ms="5701" started-at="2018-09-25T10:38:54Z" finished-at="2018-09-25T10:38:59Z">
          <reporter-output>
          </reporter-output>
        </test-method> <!-- setup -->
        <test-method status="PASS" signature="crmLogoImageTest()[pri:2, instance:com.crm.qa.testcases.LoginPageTest@7e0e6aa2]" name="crmLogoImageTest" duration-ms="67" started-at="2018-09-25T10:38:59Z" finished-at="2018-09-25T10:39:00Z">
          <reporter-output>
          </reporter-output>
        </test-method> <!-- crmLogoImageTest -->
        <test-method status="PASS" signature="tearDown()[pri:0, instance:com.crm.qa.testcases.LoginPageTest@7e0e6aa2]" name="tearDown" is-config="true" duration-ms="141" started-at="2018-09-25T10:39:00Z" finished-at="2018-09-25T10:39:00Z">
          <reporter-output>
          </reporter-output>
        </test-method> <!-- tearDown -->
        <test-method status="PASS" signature="setup()[pri:0, instance:com.crm.qa.testcases.LoginPageTest@7e0e6aa2]" name="setup" is-config="true" duration-ms="5253" started-at="2018-09-25T10:39:14Z" finished-at="2018-09-25T10:39:19Z">
          <reporter-output>
          </reporter-output>
        </test-method> <!-- setup -->
        <test-method status="PASS" signature="loginTest()[pri:3, instance:com.crm.qa.testcases.LoginPageTest@7e0e6aa2]" name="loginTest" duration-ms="8378" started-at="2018-09-25T10:39:19Z" finished-at="2018-09-25T10:39:28Z">
          <reporter-output>
          </reporter-output>
        </test-method> <!-- loginTest -->
        <test-method status="PASS" signature="tearDown()[pri:0, instance:com.crm.qa.testcases.LoginPageTest@7e0e6aa2]" name="tearDown" is-config="true" duration-ms="230" started-at="2018-09-25T10:39:28Z" finished-at="2018-09-25T10:39:28Z">
          <reporter-output>
          </reporter-output>
        </test-method> <!-- tearDown -->
      </class> <!-- com.crm.qa.testcases.LoginPageTest -->
    </test> <!-- Test1 -->
  </suite> <!-- CRMTest -->
</testng-results>
